{
  "RSpec": {
    "coverage": {
      "/home/action/code/openTodo/app/controllers/api/lists_controller.rb": [
        1,
        1,
        1,
        1,
        0,
        0,
        0,
        null,
        null,
        1,
        0,
        0,
        0,
        0,
        0,
        null,
        0,
        null,
        null,
        null,
        1,
        0,
        0,
        0,
        0,
        null,
        0,
        null,
        null,
        null,
        1,
        0,
        0,
        0,
        0,
        null,
        0,
        null,
        null,
        null,
        1,
        null,
        1,
        0,
        null,
        null
      ],
      "/home/action/code/openTodo/app/controllers/api_controller.rb": [
        1,
        1,
        null,
        1,
        0,
        null,
        0,
        0,
        null,
        0,
        null,
        null,
        null,
        1,
        null,
        1,
        0,
        null,
        null,
        1,
        0,
        0,
        0,
        null,
        0,
        null,
        null,
        1,
        1,
        1,
        1,
        1,
        null,
        null,
        null,
        1,
        0,
        0,
        0,
        0,
        null,
        0,
        null,
        null,
        1,
        0,
        0,
        null,
        0,
        null,
        null,
        null,
        0,
        0,
        0,
        0,
        null,
        0,
        0,
        0,
        0,
        null,
        null,
        0,
        null,
        null,
        null
      ],
      "/home/action/code/openTodo/app/controllers/application_controller.rb": [
        1,
        null,
        null,
        1,
        null
      ],
      "/home/action/code/openTodo/app/models/list.rb": [
        1,
        1,
        null,
        1,
        1,
        null,
        1,
        1,
        null,
        1,
        null,
        1,
        null,
        1,
        null,
        0,
        null,
        null
      ],
      "/home/action/code/openTodo/app/models/api_key.rb": [
        1,
        1,
        null,
        1,
        null,
        1,
        1,
        null,
        1,
        2,
        null,
        null,
        1,
        null,
        1,
        1,
        null,
        1,
        1,
        1,
        null,
        null,
        1,
        1,
        null,
        null
      ],
      "/home/action/code/openTodo/app/models/user.rb": [
        1,
        1,
        1,
        1,
        null
      ]
    },
    "timestamp": 1444803860
  }
}
