{
  "RSpec": {
    "coverage": {
      "/home/action/code/openTodo/app/controllers/api/users_controller.rb": [
        1,
        1,
        null,
        1,
        0,
        0,
        null,
        null,
        1,
        5,
        5,
        5,
        null,
        0,
        null,
        null,
        null,
        1,
        0,
        0,
        0,
        null,
        0,
        null,
        null,
        1,
        null,
        1,
        5,
        null,
        null
      ],
      "/home/action/code/openTodo/app/controllers/api_controller.rb": [
        1,
        1,
        null,
        1,
        5,
        null,
        5,
        5,
        null,
        0,
        null,
        null,
        null,
        1,
        null,
        1,
        0,
        null,
        null,
        1,
        12,
        12,
        11,
        11,
        null,
        null,
        null
      ],
      "/home/action/code/openTodo/app/controllers/application_controller.rb": [
        1,
        null,
        null,
        1,
        null
      ],
      "/home/action/code/openTodo/app/models/user.rb": [
        1,
        1,
        1,
        1,
        null
      ],
      "/home/action/code/openTodo/app/models/api_key.rb": [
        1,
        1,
        null,
        1,
        null,
        1,
        1,
        null,
        1,
        7,
        null,
        null,
        1,
        null,
        1,
        6,
        null,
        6,
        6,
        6,
        null,
        null,
        1,
        6,
        null,
        null
      ],
      "/home/action/code/openTodo/app/serializers/user_serializer.rb": [
        1,
        1,
        null
      ]
    },
    "timestamp": 1442899692
  }
}
